2026-06-01 19:07:06 [START] Программа запущена
2026-06-01 19:07:06 [SAVE] Сохранено 0 цитат в файл quotes.txt
2026-06-01 19:07:06 [INIT] Файл не найден, создан новый: quotes.txt
2026-06-01 19:07:06 [LOAD] Загружено 0 цитат
2026-06-01 19:07:11 [ACTION] Пользователь: Нажата кнопка 'Цитата из сети'
2026-06-01 19:07:11 [ACTION] Пользователь: Запрос цитаты из API
2026-06-01 19:09:10 [ACTION] Пользователь: Запрос случайной цитаты
2026-06-01 19:09:22 [ACTION] Пользователь: Попытка добавить цитату: Автор=вфы, Книга=фвф
2026-06-01 19:09:22 [SAVE] Сохранено 1 цитат в файл quotes.txt
2026-06-01 19:09:22 [ADD] Цитата добавлена: ID=1, Автор=вфы
2026-06-01 19:09:27 [ACTION] Пользователь: Нажата кнопка 'Цитата из сети'
2026-06-01 19:09:27 [ACTION] Пользователь: Запрос цитаты из API
2026-06-01 19:09:28 [ERROR] Ошибка API: Response status code does not indicate success: 522 (<none>).
2026-06-01 19:16:14 [START] Программа запущена
2026-06-01 19:16:14 [LOAD] Загружено 1 цитат из quotes.txt
2026-06-01 19:16:14 [LOAD] Загружено 1 цитат
2026-06-01 19:16:43 [ACTION] Пользователь: Попытка добавить цитату: Автор=Толстой, Книга=Война и мир
2026-06-01 19:16:43 [SAVE] Сохранено 2 цитат в файл quotes.txt
2026-06-01 19:16:43 [ADD] Цитата добавлена: ID=2, Автор=Толстой
2026-06-01 19:16:43 [AUTOEXPORT] Автоэкспорт выполнен: 2 цитат
2026-06-01 19:18:49 [ACTION] Пользователь: Закрытие программы
2026-06-01 19:18:49 [AUTOEXPORT] Автоэкспорт выполнен: 2 цитат
2026-06-01 19:18:49 [SYNC] Синхронизация лога в общую папку выполнена
2026-06-01 19:18:49 [SHUTDOWN] Программа завершена
